<?xml version='1.0' encoding='UTF-8'?>
<testsuite hostname="MacBook-Pro-de-Tomohiro.local" name="tomish.ServerTestSpec" tests="5" errors="0" failures="0" skipped="0" time="4.807" timestamp="2019-09-16T00:53:45">
                     <properties>
[...]
</properties>
                     <testcase classname="tomish.ServerTestSpec" name="should create empty GameService" time="0.884">
                                                 
                                               </testcase><testcase classname="tomish.ServerTestSpec" name="should connect to the GameService websocket" time="3.393">
                                                 
                                               </testcase><testcase classname="tomish.ServerTestSpec" name="should respond with correct message" time="0.117">
                                                 
                                               </testcase><testcase classname="tomish.ServerTestSpec" name="should register player" time="0.259">
                                                 
                                               </testcase><testcase classname="tomish.ServerTestSpec" name="should register multiple players" time="0.154">
                                                 
                                               </testcase>
                     <system-out><![CDATA[]]></system-out>
                     <system-err><![CDATA[]]></system-err>
                   </testsuite>