<?xml version='1.0' encoding='UTF-8'?>
<testsuite hostname="MacBook-Pro-de-Tomohiro.local" name="tomish.ServerTestSpec" tests="5" errors="0" failures="1" skipped="0" time="61.136" timestamp="2019-09-16T01:40:52">
                     <properties>
[...]
</properties>
                     <testcase classname="tomish.ServerTestSpec" name="should create empty GameService" time="4.028">
                                                 
                                               </testcase><testcase classname="tomish.ServerTestSpec" name="should be able to connect to the GameService websocket" time="6.85">
                                                 
                                               </testcase><testcase classname="tomish.ServerTestSpec" name="should register player" time="0.48">
                                                 
                                               </testcase><testcase classname="tomish.ServerTestSpec" name="should register multiple players" time="49.541">
                                                 <failure message="Could not start logger due to [akka.ConfigurationException: Logger specified in config can't be loaded [akka.event.Logging$DefaultLogger] due to [akka.event.Logging$LoggerInitializationException: Logger log1-Logging$DefaultLogger did not respond with LoggerInitialized, sent instead [TIMEOUT]]]" type="akka.ConfigurationException">akka.ConfigurationException: Could not start logger due to [akka.ConfigurationException: Logger specified in config can't be loaded [akka.event.Logging$DefaultLogger] due to [akka.event.Logging$LoggerInitializationException: Logger log1-Logging$DefaultLogger did not respond with LoggerInitialized, sent instead [TIMEOUT]]]
	at akka.event.LoggingBus.startDefaultLoggers(Logging.scala:162)
	at akka.event.LoggingBus.startDefaultLoggers$(Logging.scala:105)
	at akka.event.EventStream.startDefaultLoggers(EventStream.scala:25)
	at akka.actor.LocalActorRefProvider.init(ActorRefProvider.scala:678)
	at akka.actor.ActorSystemImpl.liftedTree2$1(ActorSystem.scala:912)
	at akka.actor.ActorSystemImpl._start$lzycompute(ActorSystem.scala:908)
	at akka.actor.ActorSystemImpl._start(ActorSystem.scala:908)
	at akka.actor.ActorSystemImpl.start(ActorSystem.scala:930)
	at akka.actor.ActorSystem$.apply(ActorSystem.scala:258)
	at akka.actor.ActorSystem$.apply(ActorSystem.scala:302)
	at akka.actor.ActorSystem$.apply(ActorSystem.scala:246)
	at akka.actor.ActorSystem$.apply(ActorSystem.scala:237)
	at tomish.GameService.&lt;init&gt;(ServerTestSpec.scala:63)
	at tomish.ServerTestSpec.$anonfun$new$6(ServerTestSpec.scala:30)
	at org.scalatest.OutcomeOf.outcomeOf(OutcomeOf.scala:85)
	at org.scalatest.OutcomeOf.outcomeOf$(OutcomeOf.scala:83)
	at org.scalatest.OutcomeOf$.outcomeOf(OutcomeOf.scala:104)
	at org.scalatest.Transformer.apply(Transformer.scala:22)
	at org.scalatest.Transformer.apply(Transformer.scala:20)
	at org.scalatest.FunSuiteLike$$anon$1.apply(FunSuiteLike.scala:186)
	at org.scalatest.TestSuite.withFixture(TestSuite.scala:196)
	at org.scalatest.TestSuite.withFixture$(TestSuite.scala:195)
	at org.scalatest.FunSuite.withFixture(FunSuite.scala:1560)
	at org.scalatest.FunSuiteLike.invokeWithFixture$1(FunSuiteLike.scala:184)
	at org.scalatest.FunSuiteLike.$anonfun$runTest$1(FunSuiteLike.scala:196)
	at org.scalatest.SuperEngine.runTestImpl(Engine.scala:286)
	at org.scalatest.FunSuiteLike.runTest(FunSuiteLike.scala:196)
	at org.scalatest.FunSuiteLike.runTest$(FunSuiteLike.scala:178)
	at org.scalatest.FunSuite.runTest(FunSuite.scala:1560)
	at org.scalatest.FunSuiteLike.$anonfun$runTests$1(FunSuiteLike.scala:229)
	at org.scalatest.SuperEngine.$anonfun$runTestsInBranch$1(Engine.scala:393)
	at scala.collection.immutable.List.foreach(List.scala:312)
	at org.scalatest.SuperEngine.traverseSubNodes$1(Engine.scala:381)
	at org.scalatest.SuperEngine.runTestsInBranch(Engine.scala:376)
	at org.scalatest.SuperEngine.runTestsImpl(Engine.scala:458)
	at org.scalatest.FunSuiteLike.runTests(FunSuiteLike.scala:229)
	at org.scalatest.FunSuiteLike.runTests$(FunSuiteLike.scala:228)
	at org.scalatest.FunSuite.runTests(FunSuite.scala:1560)
	at org.scalatest.Suite.run(Suite.scala:1124)
	at org.scalatest.Suite.run$(Suite.scala:1106)
	at org.scalatest.FunSuite.org$scalatest$FunSuiteLike$$super$run(FunSuite.scala:1560)
	at org.scalatest.FunSuiteLike.$anonfun$run$1(FunSuiteLike.scala:233)
	at org.scalatest.SuperEngine.runImpl(Engine.scala:518)
	at org.scalatest.FunSuiteLike.run(FunSuiteLike.scala:233)
	at org.scalatest.FunSuiteLike.run$(FunSuiteLike.scala:232)
	at tomish.ServerTestSpec.org$scalatest$BeforeAndAfterAll$$super$run(ServerTestSpec.scala:11)
	at org.scalatest.BeforeAndAfterAll.liftedTree1$1(BeforeAndAfterAll.scala:213)
	at org.scalatest.BeforeAndAfterAll.run(BeforeAndAfterAll.scala:210)
	at org.scalatest.BeforeAndAfterAll.run$(BeforeAndAfterAll.scala:208)
	at tomish.ServerTestSpec.run(ServerTestSpec.scala:11)
	at org.scalatest.tools.Framework.org$scalatest$tools$Framework$$runSuite(Framework.scala:317)
	at org.scalatest.tools.Framework$ScalaTestTask.execute(Framework.scala:510)
	at sbt.TestRunner.runTest$1(TestFramework.scala:113)
	at sbt.TestRunner.run(TestFramework.scala:124)
	at sbt.TestFramework$$anon$2$$anonfun$$lessinit$greater$1.$anonfun$apply$1(TestFramework.scala:282)
	at sbt.TestFramework$.sbt$TestFramework$$withContextLoader(TestFramework.scala:246)
	at sbt.TestFramework$$anon$2$$anonfun$$lessinit$greater$1.apply(TestFramework.scala:282)
	at sbt.TestFramework$$anon$2$$anonfun$$lessinit$greater$1.apply(TestFramework.scala:282)
	at sbt.TestFunction.apply(TestFramework.scala:294)
	at sbt.Tests$.$anonfun$toTask$1(Tests.scala:309)
	at sbt.std.Transform$$anon$3.$anonfun$apply$2(System.scala:46)
	at sbt.std.Transform$$anon$4.work(System.scala:67)
	at sbt.Execute.$anonfun$submit$2(Execute.scala:269)
	at sbt.internal.util.ErrorHandling$.wideConvert(ErrorHandling.scala:16)
	at sbt.Execute.work(Execute.scala:278)
	at sbt.Execute.$anonfun$submit$1(Execute.scala:269)
	at sbt.ConcurrentRestrictions$$anon$4.$anonfun$submitValid$1(ConcurrentRestrictions.scala:178)
	at sbt.CompletionService$$anon$2.call(CompletionService.scala:37)
	at java.util.concurrent.FutureTask.run(FutureTask.java:266)
	at java.util.concurrent.Executors$RunnableAdapter.call(Executors.java:511)
	at java.util.concurrent.FutureTask.run(FutureTask.java:266)
	at java.util.concurrent.ThreadPoolExecutor.runWorker(ThreadPoolExecutor.java:1142)
	at java.util.concurrent.ThreadPoolExecutor$Worker.run(ThreadPoolExecutor.java:617)
	at java.lang.Thread.run(Thread.java:745)
</failure>
                                               </testcase><testcase classname="tomish.ServerTestSpec" name="should register player and move it up" time="0.237">
                                                 
                                               </testcase>
                     <system-out><![CDATA[]]></system-out>
                     <system-err><![CDATA[]]></system-err>
                   </testsuite>